<?xml version="1.0" encoding="UTF-8"?>
<testsuite name="RockPaperScissorsTest" tests="2" skipped="0" failures="0" errors="0" timestamp="2022-12-02T07:31:09" hostname="jsje-macbookpro4.roam.internal" time="0.029">
  <properties/>
  <testcase name="calculateScoresForDesiredOutcomes()" classname="RockPaperScissorsTest" time="0.026"/>
  <testcase name="calculateScoresForSpecificPlays()" classname="RockPaperScissorsTest" time="0.003"/>
  <system-out><![CDATA[Desired outcome score: 12989
Specific plays score: 15691
]]></system-out>
  <system-err><![CDATA[]]></system-err>
</testsuite>
