<?xml version="1.0" encoding="UTF-8"?>
<testsuite name="ElfCalorieParserTest" tests="1" skipped="0" failures="0" errors="0" timestamp="2022-12-02T00:52:06" hostname="jsje2.mtv.corp.google.com" time="0.038">
  <properties/>
  <testcase name="findCaloriesForElfWithMostCalories()" classname="ElfCalorieParserTest" time="0.038"/>
  <system-out><![CDATA[71780
]]></system-out>
  <system-err><![CDATA[]]></system-err>
</testsuite>
